[07/01/2023 23:37:03]:           __             _       
[07/01/2023 23:37:03]:   _ __   / /  ___   __ _(_)_ __  
[07/01/2023 23:37:03]:  | '_ \ / /  / _ \ / _` | | '_ \ 
[07/01/2023 23:37:03]:  | | | / /__| (_) | (_| | | | | |
[07/01/2023 23:37:03]:  |_| |_\____/\___/ \__, |_|_| |_|
[07/01/2023 23:37:03]:                   |___/            
[07/01/2023 23:37:03]:  By: www.nickuc.com - V 10.1.16
[07/01/2023 23:37:03]: 
[07/01/2023 23:37:03]: §3[nLogin] [DEBUG] Detecting hardware and software configurations...
[07/01/2023 23:37:03]: §3[nLogin] [DEBUG] The config.yml file was created successfully.
[07/01/2023 23:37:03]: §3[nLogin] [DEBUG] The messages_br.yml message file was created successfully.
[07/01/2023 23:37:03]: §3[nLogin] [DEBUG] The messages_en.yml message file was created successfully.
[07/01/2023 23:37:03]: §3[nLogin] [DEBUG] The messages_es.yml message file was created successfully.
[07/01/2023 23:37:03]: §3[nLogin] [DEBUG] The messages_pl.yml message file was created successfully.
[07/01/2023 23:37:03]: §3[nLogin] [DEBUG] The messages_ru.yml message file was created successfully.
[07/01/2023 23:37:03]: §3[nLogin] [DEBUG] The messages_fr.yml message file was created successfully.
[07/01/2023 23:37:03]: §3[nLogin] [DEBUG] The messages_lt.yml message file was created successfully.
[07/01/2023 23:37:03]: §3[nLogin] [DEBUG] The messages_de.yml message file was created successfully.
[07/01/2023 23:37:03]: §3[nLogin] [DEBUG] The messages_tr.yml message file was created successfully.
[07/01/2023 23:37:03]: §3[nLogin] [DEBUG] The messages_hu.yml message file was created successfully.
[07/01/2023 23:37:03]: §3[nLogin] [DEBUG] The messages_cn.yml message file was created successfully.
[07/01/2023 23:37:03]: §3[nLogin] [DEBUG] The messages_cz.yml message file was created successfully.
[07/01/2023 23:37:03]: §3[nLogin] [DEBUG] The messages_ro.yml message file was created successfully.
[07/01/2023 23:37:03]: §3[nLogin] [DEBUG] The messages_ua.yml message file was created successfully.
[07/01/2023 23:37:03]: §3[nLogin] [DEBUG] The messages_id.yml message file was created successfully.
[07/01/2023 23:37:03]: §3[nLogin] [DEBUG] All settings were loaded in 62 ms.
[07/01/2023 23:37:03]: §3[nLogin] [DEBUG] Loading the messages_en.yml message file...
[07/01/2023 23:37:03]: §3[nLogin] [DEBUG] All plugin messages were loaded in 24 ms (languageByClient=false).
[07/01/2023 23:37:03]: §3[nLogin] [DEBUG] The file squestion.yml was created successfully.
[07/01/2023 23:37:03]: §3[nLogin] [DEBUG] The file discord.yml was created successfully.
[07/01/2023 23:37:03]: §3[nLogin] [DEBUG] The file email.yml was created successfully.
[07/01/2023 23:37:03]: §3[nLogin] [DEBUG] The file twitter.yml was created successfully.
[07/01/2023 23:37:03]: §3[nLogin] [DEBUG] All proxy settings were loaded in 0 ms.
[07/01/2023 23:37:03]: §3[nLogin] [DEBUG] Starting logger filter...
[07/01/2023 23:37:03]: §3[nLogin] [DEBUG] Loading database...
[07/01/2023 23:37:04]: [nLogin] nLogin was loaded in 641ms.
[07/01/2023 23:37:17]: §3[nLogin] [DEBUG] [SQLite] [UPDATE]: "INSERT INTO `nlogin` (`name`, `realname`, `uniqueId`, `premiumId`, `premium`, `password`, `address`, `regdate`, `lastlogin`, `email`, `twitter`, `discord`, `settings`) VALUES ('gustavoxlb', 'GustavoxLB', 824476bcddde41aa818b63681b82f4f0, 824476bcddde41aa818b63681b82f4f0, 1, null, '127.0.0.1', '1969-12-31 21:00:00.0', '1969-12-31 21:00:00.0', null, null, null, null)"
