[07/01/2023 23:40:08]:           __             _       
[07/01/2023 23:40:08]:   _ __   / /  ___   __ _(_)_ __  
[07/01/2023 23:40:08]:  | '_ \ / /  / _ \ / _` | | '_ \ 
[07/01/2023 23:40:08]:  | | | / /__| (_) | (_| | | | | |
[07/01/2023 23:40:08]:  |_| |_\____/\___/ \__, |_|_| |_|
[07/01/2023 23:40:08]:                   |___/            
[07/01/2023 23:40:08]:  By: www.nickuc.com - V 10.1.16
[07/01/2023 23:40:08]: 
[07/01/2023 23:40:08]: §3[nLogin] [DEBUG] Detecting hardware and software configurations...
[07/01/2023 23:40:08]: §3[nLogin] [DEBUG] All settings were loaded in 48 ms.
[07/01/2023 23:40:08]: §3[nLogin] [DEBUG] Loading the messages_en.yml message file...
[07/01/2023 23:40:08]: §3[nLogin] [DEBUG] All plugin messages were loaded in 22 ms (languageByClient=false).
[07/01/2023 23:40:08]: §3[nLogin] [DEBUG] All proxy settings were loaded in 0 ms.
[07/01/2023 23:40:08]: §3[nLogin] [DEBUG] Starting logger filter...
[07/01/2023 23:40:08]: §3[nLogin] [DEBUG] Loading database...
[07/01/2023 23:40:08]: [nLogin] nLogin was loaded in 504ms.
[07/01/2023 23:40:11]: [nLogin] GustavoxLB failed to premium login: player name does not match [GustavoxLB != null]
[07/01/2023 23:40:19]: §3[nLogin] [DEBUG] [SQLite] [UPDATE]: "UPDATE `nlogin` SET `realname` = 'GustavoxLB', `uniqueId` = 824476bcddde41aa818b63681b82f4f0,  `premiumId` = 824476bcddde41aa818b63681b82f4f0,  `premium` = 1,  `password` = null, `address` = '192.168.15.19', `regdate` = 2023-07-01 23:37:17.185, `lastlogin` = 2023-07-01 23:40:19.092, `email` = null, `twitter` = null, `discord` = null, `settings` = null WHERE `id` = 1"
[07/01/2023 23:40:19]: [nLogin] The user GustavoxLB has successfully logged in.
[07/01/2023 23:40:19]: [nLogin] The user GustavoxLB logged in automatically for having a premium account.
